# JRE version: Java(TM) SE Runtime Environment (8.0_45-b15) (build 1.8.0_45-b15)
# Java VM: Java HotSpot(TM) 64-Bit Server VM (25.45-b02 mixed mode windows-amd64 compressed oops)
Heap:
 PSYoungGen      total 251392K, used 62328K [0x00000000e0b80000, 0x00000000f1880000, 0x0000000100000000)
  eden space 235520K, 19% used [0x00000000e0b80000,0x00000000e38e5ad8,0x00000000ef180000)
  from space 15872K, 99% used [0x00000000f0900000,0x00000000f18786e8,0x00000000f1880000)
  to   space 18432K, 0% used [0x00000000ef480000,0x00000000ef480000,0x00000000f0680000)
 ParOldGen       total 91136K, used 28857K [0x00000000a2200000, 0x00000000a7b00000, 0x00000000e0b80000)
  object space 91136K, 31% used [0x00000000a2200000,0x00000000a3e2e5f0,0x00000000a7b00000)
 Metaspace       used 54856K, capacity 55294K, committed 55808K, reserved 1097728K
  class space    used 6959K, capacity 7080K, committed 7168K, reserved 1048576K
GC Heap History (10 events):
Event: 18.975 GC heap before
{Heap before GC invocations=10 (full 1):
 PSYoungGen      total 143872K, used 143527K [0x00000000e0b80000, 0x00000000edc00000, 0x0000000100000000)
  eden space 135680K, 100% used [0x00000000e0b80000,0x00000000e9000000,0x00000000e9000000)
  from space 8192K, 95% used [0x00000000ed400000,0x00000000edba9d78,0x00000000edc00000)
  to   space 9216K, 0% used [0x00000000eca00000,0x00000000eca00000,0x00000000ed300000)
 ParOldGen       total 56832K, used 13267K [0x00000000a2200000, 0x00000000a5980000, 0x00000000e0b80000)
  object space 56832K, 23% used [0x00000000a2200000,0x00000000a2ef4fb8,0x00000000a5980000)
 Metaspace       used 30991K, capacity 31206K, committed 31488K, reserved 1077248K
  class space    used 3892K, capacity 3974K, committed 4096K, reserved 1048576K
Event: 19.032 GC heap after
Heap after GC invocations=10 (full 1):
 PSYoungGen      total 174592K, used 9207K [0x00000000e0b80000, 0x00000000ed480000, 0x0000000100000000)
  eden space 165376K, 0% used [0x00000000e0b80000,0x00000000e0b80000,0x00000000ead00000)
  from space 9216K, 99% used [0x00000000eca00000,0x00000000ed2fdcd0,0x00000000ed300000)
  to   space 1536K, 0% used [0x00000000ed300000,0x00000000ed300000,0x00000000ed480000)
 ParOldGen       total 56832K, used 16088K [0x00000000a2200000, 0x00000000a5980000, 0x00000000e0b80000)
  object space 56832K, 28% used [0x00000000a2200000,0x00000000a31b6288,0x00000000a5980000)
 Metaspace       used 30991K, capacity 31206K, committed 31488K, reserved 1077248K
  class space    used 3892K, capacity 3974K, committed 4096K, reserved 1048576K
}
Event: 20.896 GC heap before
{Heap before GC invocations=11 (full 1):
 PSYoungGen      total 174592K, used 53798K [0x00000000e0b80000, 0x00000000ed480000, 0x0000000100000000)
  eden space 165376K, 26% used [0x00000000e0b80000,0x00000000e370bca0,0x00000000ead00000)
  from space 9216K, 99% used [0x00000000eca00000,0x00000000ed2fdcd0,0x00000000ed300000)
  to   space 1536K, 0% used [0x00000000ed300000,0x00000000ed300000,0x00000000ed480000)
 ParOldGen       total 56832K, used 16088K [0x00000000a2200000, 0x00000000a5980000, 0x00000000e0b80000)
  object space 56832K, 28% used [0x00000000a2200000,0x00000000a31b6288,0x00000000a5980000)
 Metaspace       used 34932K, capacity 35212K, committed 35496K, reserved 1081344K
  class space    used 4508K, capacity 4581K, committed 4608K, reserved 1048576K
Event: 21.014 GC heap after
Heap after GC invocations=11 (full 1):
 PSYoungGen      total 193024K, used 1520K [0x00000000e0b80000, 0x00000000ef480000, 0x0000000100000000)
  eden space 191488K, 0% used [0x00000000e0b80000,0x00000000e0b80000,0x00000000ec680000)
  from space 1536K, 98% used [0x00000000ed300000,0x00000000ed47c010,0x00000000ed480000)
  to   space 12800K, 0% used [0x00000000ec680000,0x00000000ec680000,0x00000000ed300000)
 ParOldGen       total 56832K, used 27506K [0x00000000a2200000, 0x00000000a5980000, 0x00000000e0b80000)
  object space 56832K, 48% used [0x00000000a2200000,0x00000000a3cdcb48,0x00000000a5980000)
 Metaspace       used 34932K, capacity 35212K, committed 35496K, reserved 1081344K
  class space    used 4508K, capacity 4581K, committed 4608K, reserved 1048576K
}
Event: 21.014 GC heap before
{Heap before GC invocations=12 (full 2):
 PSYoungGen      total 193024K, used 1520K [0x00000000e0b80000, 0x00000000ef480000, 0x0000000100000000)
  eden space 191488K, 0% used [0x00000000e0b80000,0x00000000e0b80000,0x00000000ec680000)
  from space 1536K, 98% used [0x00000000ed300000,0x00000000ed47c010,0x00000000ed480000)
  to   space 12800K, 0% used [0x00000000ec680000,0x00000000ec680000,0x00000000ed300000)
 ParOldGen       total 56832K, used 27506K [0x00000000a2200000, 0x00000000a5980000, 0x00000000e0b80000)
  object space 56832K, 48% used [0x00000000a2200000,0x00000000a3cdcb48,0x00000000a5980000)
 Metaspace       used 34932K, capacity 35212K, committed 35496K, reserved 1081344K
  class space    used 4508K, capacity 4581K, committed 4608K, reserved 1048576K
Event: 21.471 GC heap after
Heap after GC invocations=12 (full 2):
 PSYoungGen      total 193024K, used 0K [0x00000000e0b80000, 0x00000000ef480000, 0x0000000100000000)
  eden space 191488K, 0% used [0x00000000e0b80000,0x00000000e0b80000,0x00000000ec680000)
  from space 1536K, 0% used [0x00000000ed300000,0x00000000ed300000,0x00000000ed480000)
  to   space 12800K, 0% used [0x00000000ec680000,0x00000000ec680000,0x00000000ed300000)
 ParOldGen       total 91136K, used 22167K [0x00000000a2200000, 0x00000000a7b00000, 0x00000000e0b80000)
  object space 91136K, 24% used [0x00000000a2200000,0x00000000a37a5d38,0x00000000a7b00000)
 Metaspace       used 34932K, capacity 35212K, committed 35496K, reserved 1081344K
  class space    used 4508K, capacity 4581K, committed 4608K, reserved 1048576K
}
Event: 28.432 GC heap before
{Heap before GC invocations=13 (full 2):
 PSYoungGen      total 193024K, used 191488K [0x00000000e0b80000, 0x00000000ef480000, 0x0000000100000000)
  eden space 191488K, 100% used [0x00000000e0b80000,0x00000000ec680000,0x00000000ec680000)
  from space 1536K, 0% used [0x00000000ed300000,0x00000000ed300000,0x00000000ed480000)
  to   space 12800K, 0% used [0x00000000ec680000,0x00000000ec680000,0x00000000ed300000)
 ParOldGen       total 91136K, used 22167K [0x00000000a2200000, 0x00000000a7b00000, 0x00000000e0b80000)
  object space 91136K, 24% used [0x00000000a2200000,0x00000000a37a5d38,0x00000000a7b00000)
 Metaspace       used 46465K, capacity 46768K, committed 47104K, reserved 1089536K
  class space    used 5977K, capacity 6081K, committed 6144K, reserved 1048576K
Event: 28.699 GC heap after
Heap after GC invocations=13 (full 2):
 PSYoungGen      total 204288K, used 12790K [0x00000000e0b80000, 0x00000000f1880000, 0x0000000100000000)
  eden space 191488K, 0% used [0x00000000e0b80000,0x00000000e0b80000,0x00000000ec680000)
  from space 12800K, 99% used [0x00000000ec680000,0x00000000ed2fdbb8,0x00000000ed300000)
  to   space 15872K, 0% used [0x00000000f0900000,0x00000000f0900000,0x00000000f1880000)
 ParOldGen       total 91136K, used 27220K [0x00000000a2200000, 0x00000000a7b00000, 0x00000000e0b80000)
  object space 91136K, 29% used [0x00000000a2200000,0x00000000a3c95090,0x00000000a7b00000)
 Metaspace       used 46465K, capacity 46768K, committed 47104K, reserved 1089536K
  class space    used 5977K, capacity 6081K, committed 6144K, reserved 1048576K
}
Event: 524.397 GC heap before
{Heap before GC invocations=14 (full 2):
 PSYoungGen      total 204288K, used 204278K [0x00000000e0b80000, 0x00000000f1880000, 0x0000000100000000)
  eden space 191488K, 100% used [0x00000000e0b80000,0x00000000ec680000,0x00000000ec680000)
  from space 12800K, 99% used [0x00000000ec680000,0x00000000ed2fdbb8,0x00000000ed300000)
  to   space 15872K, 0% used [0x00000000f0900000,0x00000000f0900000,0x00000000f1880000)
 ParOldGen       total 91136K, used 27220K [0x00000000a2200000, 0x00000000a7b00000, 0x00000000e0b80000)
  object space 91136K, 29% used [0x00000000a2200000,0x00000000a3c95090,0x00000000a7b00000)
 Metaspace       used 54828K, capacity 55294K, committed 55808K, reserved 1097728K
  class space    used 6959K, capacity 7080K, committed 7168K, reserved 1048576K
Event: 524.444 GC heap after
Heap after GC invocations=14 (full 2):
 PSYoungGen      total 251392K, used 15841K [0x00000000e0b80000, 0x00000000f1880000, 0x0000000100000000)
  eden space 235520K, 0% used [0x00000000e0b80000,0x00000000e0b80000,0x00000000ef180000)
  from space 15872K, 99% used [0x00000000f0900000,0x00000000f18786e8,0x00000000f1880000)
  to   space 18432K, 0% used [0x00000000ef480000,0x00000000ef480000,0x00000000f0680000)
 ParOldGen       total 91136K, used 28857K [0x00000000a2200000, 0x00000000a7b00000, 0x00000000e0b80000)
  object space 91136K, 31% used [0x00000000a2200000,0x00000000a3e2e5f0,0x00000000a7b00000)
 Metaspace       used 54828K, capacity 55294K, committed 55808K, reserved 1097728K
  class space    used 6959K, capacity 7080K, committed 7168K, reserved 1048576K
}

